<?xml version="1.0" encoding="UTF-8"?>
<coverage generated="1762537191315" clover="3.2.0">
  <project timestamp="1762537191315" name="All files">
    <metrics statements="37" coveredstatements="27" conditionals="15" coveredconditionals="12" methods="21" coveredmethods="12" elements="73" coveredelements="51" complexity="0" loc="37" ncloc="37" packages="8" files="10" classes="10"/>
    <package name="src">
      <metrics statements="1" coveredstatements="1" conditionals="0" coveredconditionals="0" methods="1" coveredmethods="1"/>
      <file name="App.jsx" path="C:\Users\ADMIN\Documents\mern-bug-tracker\testing-and-debugging-ensuring-mern-app-reliability-JEFFMURITHI\client\src\App.jsx">
        <metrics statements="1" coveredstatements="1" conditionals="0" coveredconditionals="0" methods="1" coveredmethods="1"/>
        <line num="4" count="1" type="stmt"/>
      </file>
    </package>
    <package name="src.components">
      <metrics statements="3" coveredstatements="3" conditionals="3" coveredconditionals="3" methods="1" coveredmethods="1"/>
      <file name="Button.jsx" path="C:\Users\ADMIN\Documents\mern-bug-tracker\testing-and-debugging-ensuring-mern-app-reliability-JEFFMURITHI\client\src\components\Button.jsx">
        <metrics statements="3" coveredstatements="3" conditionals="3" coveredconditionals="3" methods="1" coveredmethods="1"/>
        <line num="1" count="1" type="stmt"/>
        <line num="4" count="6" type="stmt"/>
        <line num="18" count="1" type="stmt"/>
      </file>
    </package>
    <package name="src.components.ui">
      <metrics statements="11" coveredstatements="3" conditionals="3" coveredconditionals="2" methods="9" coveredmethods="1"/>
      <file name="button.jsx" path="C:\Users\ADMIN\Documents\mern-bug-tracker\testing-and-debugging-ensuring-mern-app-reliability-JEFFMURITHI\client\src\components\ui\button.jsx">
        <metrics statements="3" coveredstatements="3" conditionals="3" coveredconditionals="2" methods="1" coveredmethods="1"/>
        <line num="7" count="2" type="stmt"/>
        <line num="46" count="2" type="cond" truecount="1" falsecount="1"/>
        <line num="48" count="2" type="stmt"/>
      </file>
      <file name="card.jsx" path="C:\Users\ADMIN\Documents\mern-bug-tracker\testing-and-debugging-ensuring-mern-app-reliability-JEFFMURITHI\client\src\components\ui\card.jsx">
        <metrics statements="7" coveredstatements="0" conditionals="0" coveredconditionals="0" methods="7" coveredmethods="0"/>
        <line num="9" count="0" type="stmt"/>
        <line num="24" count="0" type="stmt"/>
        <line num="39" count="0" type="stmt"/>
        <line num="51" count="0" type="stmt"/>
        <line num="63" count="0" type="stmt"/>
        <line num="78" count="0" type="stmt"/>
        <line num="85" count="0" type="stmt"/>
      </file>
      <file name="input.jsx" path="C:\Users\ADMIN\Documents\mern-bug-tracker\testing-and-debugging-ensuring-mern-app-reliability-JEFFMURITHI\client\src\components\ui\input.jsx">
        <metrics statements="1" coveredstatements="0" conditionals="0" coveredconditionals="0" methods="1" coveredmethods="0"/>
        <line num="10" count="0" type="stmt"/>
      </file>
    </package>
    <package name="src.hooks">
      <metrics statements="7" coveredstatements="7" conditionals="1" coveredconditionals="0" methods="6" coveredmethods="6"/>
      <file name="useCounter.js" path="C:\Users\ADMIN\Documents\mern-bug-tracker\testing-and-debugging-ensuring-mern-app-reliability-JEFFMURITHI\client\src\hooks\useCounter.js">
        <metrics statements="7" coveredstatements="7" conditionals="1" coveredconditionals="0" methods="6" coveredmethods="6"/>
        <line num="1" count="1" type="stmt"/>
        <line num="4" count="4" type="stmt"/>
        <line num="5" count="4" type="stmt"/>
        <line num="6" count="4" type="stmt"/>
        <line num="7" count="4" type="stmt"/>
        <line num="8" count="4" type="stmt"/>
        <line num="11" count="1" type="stmt"/>
      </file>
    </package>
    <package name="src.lib">
      <metrics statements="1" coveredstatements="1" conditionals="0" coveredconditionals="0" methods="1" coveredmethods="1"/>
      <file name="utils.js" path="C:\Users\ADMIN\Documents\mern-bug-tracker\testing-and-debugging-ensuring-mern-app-reliability-JEFFMURITHI\client\src\lib\utils.js">
        <metrics statements="1" coveredstatements="1" conditionals="0" coveredconditionals="0" methods="1" coveredmethods="1"/>
        <line num="5" count="2" type="stmt"/>
      </file>
    </package>
    <package name="src.store">
      <metrics statements="7" coveredstatements="7" conditionals="4" coveredconditionals="3" methods="1" coveredmethods="1"/>
      <file name="counterReducer.js" path="C:\Users\ADMIN\Documents\mern-bug-tracker\testing-and-debugging-ensuring-mern-app-reliability-JEFFMURITHI\client\src\store\counterReducer.js">
        <metrics statements="7" coveredstatements="7" conditionals="4" coveredconditionals="3" methods="1" coveredmethods="1"/>
        <line num="2" count="1" type="stmt"/>
        <line num="3" count="1" type="stmt"/>
        <line num="6" count="3" type="cond" truecount="3" falsecount="0"/>
        <line num="7" count="1" type="stmt"/>
        <line num="8" count="1" type="stmt"/>
        <line num="9" count="1" type="stmt"/>
        <line num="13" count="1" type="stmt"/>
      </file>
    </package>
    <package name="src.tests.integration">
      <metrics statements="2" coveredstatements="0" conditionals="0" coveredconditionals="0" methods="1" coveredmethods="0"/>
      <file name="apiHandlers.js" path="C:\Users\ADMIN\Documents\mern-bug-tracker\testing-and-debugging-ensuring-mern-app-reliability-JEFFMURITHI\client\src\tests\integration\apiHandlers.js">
        <metrics statements="2" coveredstatements="0" conditionals="0" coveredconditionals="0" methods="1" coveredmethods="0"/>
        <line num="3" count="0" type="stmt"/>
        <line num="5" count="0" type="stmt"/>
      </file>
    </package>
    <package name="src.utils">
      <metrics statements="5" coveredstatements="5" conditionals="4" coveredconditionals="4" methods="1" coveredmethods="1"/>
      <file name="formatDate.js" path="C:\Users\ADMIN\Documents\mern-bug-tracker\testing-and-debugging-ensuring-mern-app-reliability-JEFFMURITHI\client\src\utils\formatDate.js">
        <metrics statements="5" coveredstatements="5" conditionals="4" coveredconditionals="4" methods="1" coveredmethods="1"/>
        <line num="3" count="3" type="cond" truecount="2" falsecount="0"/>
        <line num="4" count="2" type="stmt"/>
        <line num="5" count="2" type="cond" truecount="2" falsecount="0"/>
        <line num="6" count="1" type="stmt"/>
        <line num="9" count="1" type="stmt"/>
      </file>
    </package>
  </project>
</coverage>
