{"C:\\Users\\ADMIN\\Documents\\mern-bug-tracker\\testing-and-debugging-ensuring-mern-app-reliability-JEFFMURITHI\\client\\src\\App.jsx": {"path":"C:\\Users\\ADMIN\\Documents\\mern-bug-tracker\\testing-and-debugging-ensuring-mern-app-reliability-JEFFMURITHI\\client\\src\\App.jsx","statementMap":{"0":{"start":{"line":4,"column":2},"end":{"line":11,"column":4}}},"fnMap":{"0":{"name":"App","decl":{"start":{"line":3,"column":9},"end":{"line":3,"column":12}},"loc":{"start":{"line":3,"column":15},"end":{"line":12,"column":1}},"line":3}},"branchMap":{},"s":{"0":1},"f":{"0":1},"b":{},"_coverageSchema":"1a1c01bbd47fc00a2c39e90264f33305004495a9","hash":"7c6f2cdb41aa1ce6462d3550f5ac3bc33de080cd"}
,"C:\\Users\\ADMIN\\Documents\\mern-bug-tracker\\testing-and-debugging-ensuring-mern-app-reliability-JEFFMURITHI\\client\\src\\components\\Button.jsx": {"path":"C:\\Users\\ADMIN\\Documents\\mern-bug-tracker\\testing-and-debugging-ensuring-mern-app-reliability-JEFFMURITHI\\client\\src\\components\\Button.jsx","statementMap":{"0":{"start":{"line":1,"column":14},"end":{"line":1,"column":30}},"1":{"start":{"line":4,"column":2},"end":{"line":15,"column":4}},"2":{"start":{"line":18,"column":0},"end":{"line":18,"column":24}}},"fnMap":{"0":{"name":"Button","decl":{"start":{"line":3,"column":9},"end":{"line":3,"column":15}},"loc":{"start":{"line":3,"column":74},"end":{"line":16,"column":1}},"line":3}},"branchMap":{"0":{"loc":{"start":{"line":3,"column":47},"end":{"line":3,"column":61}},"type":"default-arg","locations":[{"start":{"line":3,"column":59},"end":{"line":3,"column":61}}],"line":3},"1":{"loc":{"start":{"line":11,"column":21},"end":{"line":11,"column":52}},"type":"binary-expr","locations":[{"start":{"line":11,"column":21},"end":{"line":11,"column":40}},{"start":{"line":11,"column":44},"end":{"line":11,"column":52}}],"line":11}},"s":{"0":1,"1":6,"2":1},"f":{"0":6},"b":{"0":[5],"1":[6,5]},"_coverageSchema":"1a1c01bbd47fc00a2c39e90264f33305004495a9","hash":"6d5f2144689ae9e4e67ff40ca3c45af309400267"}
,"C:\\Users\\ADMIN\\Documents\\mern-bug-tracker\\testing-and-debugging-ensuring-mern-app-reliability-JEFFMURITHI\\client\\src\\components\\ui\\button.jsx": {"path":"C:\\Users\\ADMIN\\Documents\\mern-bug-tracker\\testing-and-debugging-ensuring-mern-app-reliability-JEFFMURITHI\\client\\src\\components\\ui\\button.jsx","statementMap":{"0":{"start":{"line":7,"column":23},"end":{"line":37,"column":1}},"1":{"start":{"line":46,"column":15},"end":{"line":46,"column":40}},"2":{"start":{"line":48,"column":2},"end":{"line":53,"column":4}}},"fnMap":{"0":{"name":"Button","decl":{"start":{"line":39,"column":9},"end":{"line":39,"column":15}},"loc":{"start":{"line":45,"column":3},"end":{"line":54,"column":1}},"line":45}},"branchMap":{"0":{"loc":{"start":{"line":43,"column":2},"end":{"line":43,"column":17}},"type":"default-arg","locations":[{"start":{"line":43,"column":12},"end":{"line":43,"column":17}}],"line":43},"1":{"loc":{"start":{"line":46,"column":15},"end":{"line":46,"column":40}},"type":"cond-expr","locations":[{"start":{"line":46,"column":25},"end":{"line":46,"column":29}},{"start":{"line":46,"column":32},"end":{"line":46,"column":40}}],"line":46}},"s":{"0":2,"1":2,"2":2},"f":{"0":2},"b":{"0":[2],"1":[0,2]},"_coverageSchema":"1a1c01bbd47fc00a2c39e90264f33305004495a9","hash":"d8e37292e88db42f819381a7759a3ac4714de053"}
,"C:\\Users\\ADMIN\\Documents\\mern-bug-tracker\\testing-and-debugging-ensuring-mern-app-reliability-JEFFMURITHI\\client\\src\\components\\ui\\card.jsx": {"path":"C:\\Users\\ADMIN\\Documents\\mern-bug-tracker\\testing-and-debugging-ensuring-mern-app-reliability-JEFFMURITHI\\client\\src\\components\\ui\\card.jsx","statementMap":{"0":{"start":{"line":9,"column":2},"end":{"line":17,"column":4}},"1":{"start":{"line":24,"column":2},"end":{"line":32,"column":4}},"2":{"start":{"line":39,"column":2},"end":{"line":44,"column":4}},"3":{"start":{"line":51,"column":2},"end":{"line":56,"column":4}},"4":{"start":{"line":63,"column":2},"end":{"line":71,"column":4}},"5":{"start":{"line":78,"column":2},"end":{"line":78,"column":89}},"6":{"start":{"line":85,"column":2},"end":{"line":90,"column":4}}},"fnMap":{"0":{"name":"Card","decl":{"start":{"line":5,"column":9},"end":{"line":5,"column":13}},"loc":{"start":{"line":8,"column":3},"end":{"line":18,"column":1}},"line":8},"1":{"name":"CardHeader","decl":{"start":{"line":20,"column":9},"end":{"line":20,"column":19}},"loc":{"start":{"line":23,"column":3},"end":{"line":33,"column":1}},"line":23},"2":{"name":"CardTitle","decl":{"start":{"line":35,"column":9},"end":{"line":35,"column":18}},"loc":{"start":{"line":38,"column":3},"end":{"line":45,"column":1}},"line":38},"3":{"name":"CardDescription","decl":{"start":{"line":47,"column":9},"end":{"line":47,"column":24}},"loc":{"start":{"line":50,"column":3},"end":{"line":57,"column":1}},"line":50},"4":{"name":"CardAction","decl":{"start":{"line":59,"column":9},"end":{"line":59,"column":19}},"loc":{"start":{"line":62,"column":3},"end":{"line":72,"column":1}},"line":62},"5":{"name":"CardContent","decl":{"start":{"line":74,"column":9},"end":{"line":74,"column":20}},"loc":{"start":{"line":77,"column":3},"end":{"line":79,"column":1}},"line":77},"6":{"name":"CardFooter","decl":{"start":{"line":81,"column":9},"end":{"line":81,"column":19}},"loc":{"start":{"line":84,"column":3},"end":{"line":91,"column":1}},"line":84}},"branchMap":{},"s":{"0":0,"1":0,"2":0,"3":0,"4":0,"5":0,"6":0},"f":{"0":0,"1":0,"2":0,"3":0,"4":0,"5":0,"6":0},"b":{}}
,"C:\\Users\\ADMIN\\Documents\\mern-bug-tracker\\testing-and-debugging-ensuring-mern-app-reliability-JEFFMURITHI\\client\\src\\components\\ui\\input.jsx": {"path":"C:\\Users\\ADMIN\\Documents\\mern-bug-tracker\\testing-and-debugging-ensuring-mern-app-reliability-JEFFMURITHI\\client\\src\\components\\ui\\input.jsx","statementMap":{"0":{"start":{"line":10,"column":2},"end":{"line":21,"column":4}}},"fnMap":{"0":{"name":"Input","decl":{"start":{"line":5,"column":9},"end":{"line":5,"column":14}},"loc":{"start":{"line":9,"column":3},"end":{"line":22,"column":1}},"line":9}},"branchMap":{},"s":{"0":0},"f":{"0":0},"b":{}}
,"C:\\Users\\ADMIN\\Documents\\mern-bug-tracker\\testing-and-debugging-ensuring-mern-app-reliability-JEFFMURITHI\\client\\src\\hooks\\useCounter.js": {"path":"C:\\Users\\ADMIN\\Documents\\mern-bug-tracker\\testing-and-debugging-ensuring-mern-app-reliability-JEFFMURITHI\\client\\src\\hooks\\useCounter.js","statementMap":{"0":{"start":{"line":1,"column":14},"end":{"line":1,"column":30}},"1":{"start":{"line":4,"column":28},"end":{"line":4,"column":51}},"2":{"start":{"line":5,"column":14},"end":{"line":5,"column":40}},"3":{"start":{"line":5,"column":20},"end":{"line":5,"column":40}},"4":{"start":{"line":5,"column":34},"end":{"line":5,"column":39}},"5":{"start":{"line":6,"column":14},"end":{"line":6,"column":40}},"6":{"start":{"line":6,"column":20},"end":{"line":6,"column":40}},"7":{"start":{"line":6,"column":34},"end":{"line":6,"column":39}},"8":{"start":{"line":7,"column":16},"end":{"line":7,"column":39}},"9":{"start":{"line":7,"column":22},"end":{"line":7,"column":39}},"10":{"start":{"line":8,"column":2},"end":{"line":8,"column":36}},"11":{"start":{"line":11,"column":0},"end":{"line":11,"column":28}}},"fnMap":{"0":{"name":"useCounter","decl":{"start":{"line":3,"column":9},"end":{"line":3,"column":19}},"loc":{"start":{"line":3,"column":33},"end":{"line":9,"column":1}},"line":3},"1":{"name":"(anonymous_1)","decl":{"start":{"line":5,"column":14},"end":{"line":5,"column":15}},"loc":{"start":{"line":5,"column":20},"end":{"line":5,"column":40}},"line":5},"2":{"name":"(anonymous_2)","decl":{"start":{"line":5,"column":29},"end":{"line":5,"column":30}},"loc":{"start":{"line":5,"column":34},"end":{"line":5,"column":39}},"line":5},"3":{"name":"(anonymous_3)","decl":{"start":{"line":6,"column":14},"end":{"line":6,"column":15}},"loc":{"start":{"line":6,"column":20},"end":{"line":6,"column":40}},"line":6},"4":{"name":"(anonymous_4)","decl":{"start":{"line":6,"column":29},"end":{"line":6,"column":30}},"loc":{"start":{"line":6,"column":34},"end":{"line":6,"column":39}},"line":6},"5":{"name":"(anonymous_5)","decl":{"start":{"line":7,"column":16},"end":{"line":7,"column":17}},"loc":{"start":{"line":7,"column":22},"end":{"line":7,"column":39}},"line":7}},"branchMap":{"0":{"loc":{"start":{"line":3,"column":20},"end":{"line":3,"column":31}},"type":"default-arg","locations":[{"start":{"line":3,"column":30},"end":{"line":3,"column":31}}],"line":3}},"s":{"0":1,"1":4,"2":4,"3":1,"4":1,"5":4,"6":1,"7":1,"8":4,"9":1,"10":4,"11":1},"f":{"0":4,"1":1,"2":1,"3":1,"4":1,"5":1},"b":{"0":[0]},"_coverageSchema":"1a1c01bbd47fc00a2c39e90264f33305004495a9","hash":"2c01d82ac867e029f181a28fab20124bd9cc2227"}
,"C:\\Users\\ADMIN\\Documents\\mern-bug-tracker\\testing-and-debugging-ensuring-mern-app-reliability-JEFFMURITHI\\client\\src\\lib\\utils.js": {"path":"C:\\Users\\ADMIN\\Documents\\mern-bug-tracker\\testing-and-debugging-ensuring-mern-app-reliability-JEFFMURITHI\\client\\src\\lib\\utils.js","statementMap":{"0":{"start":{"line":5,"column":2},"end":{"line":5,"column":31}}},"fnMap":{"0":{"name":"cn","decl":{"start":{"line":4,"column":16},"end":{"line":4,"column":18}},"loc":{"start":{"line":4,"column":30},"end":{"line":6,"column":1}},"line":4}},"branchMap":{},"s":{"0":2},"f":{"0":2},"b":{},"_coverageSchema":"1a1c01bbd47fc00a2c39e90264f33305004495a9","hash":"f389c4e8d969c04ae4d1d4edfc99cf216de6da9f"}
,"C:\\Users\\ADMIN\\Documents\\mern-bug-tracker\\testing-and-debugging-ensuring-mern-app-reliability-JEFFMURITHI\\client\\src\\store\\counterReducer.js": {"path":"C:\\Users\\ADMIN\\Documents\\mern-bug-tracker\\testing-and-debugging-ensuring-mern-app-reliability-JEFFMURITHI\\client\\src\\store\\counterReducer.js","statementMap":{"0":{"start":{"line":2,"column":18},"end":{"line":2,"column":29}},"1":{"start":{"line":3,"column":18},"end":{"line":3,"column":29}},"2":{"start":{"line":6,"column":2},"end":{"line":10,"column":3}},"3":{"start":{"line":7,"column":20},"end":{"line":7,"column":54}},"4":{"start":{"line":8,"column":20},"end":{"line":8,"column":54}},"5":{"start":{"line":9,"column":13},"end":{"line":9,"column":26}},"6":{"start":{"line":13,"column":0},"end":{"line":13,"column":58}}},"fnMap":{"0":{"name":"counterReducer","decl":{"start":{"line":5,"column":9},"end":{"line":5,"column":23}},"loc":{"start":{"line":5,"column":54},"end":{"line":11,"column":1}},"line":5}},"branchMap":{"0":{"loc":{"start":{"line":5,"column":24},"end":{"line":5,"column":44}},"type":"default-arg","locations":[{"start":{"line":5,"column":32},"end":{"line":5,"column":44}}],"line":5},"1":{"loc":{"start":{"line":6,"column":2},"end":{"line":10,"column":3}},"type":"switch","locations":[{"start":{"line":7,"column":4},"end":{"line":7,"column":54}},{"start":{"line":8,"column":4},"end":{"line":8,"column":54}},{"start":{"line":9,"column":4},"end":{"line":9,"column":26}}],"line":6}},"s":{"0":1,"1":1,"2":3,"3":1,"4":1,"5":1,"6":1},"f":{"0":3},"b":{"0":[0],"1":[1,1,1]},"_coverageSchema":"1a1c01bbd47fc00a2c39e90264f33305004495a9","hash":"71b5398399ba392f3ec87a55592fd0e7b6bea491"}
,"C:\\Users\\ADMIN\\Documents\\mern-bug-tracker\\testing-and-debugging-ensuring-mern-app-reliability-JEFFMURITHI\\client\\src\\tests\\integration\\apiHandlers.js": {"path":"C:\\Users\\ADMIN\\Documents\\mern-bug-tracker\\testing-and-debugging-ensuring-mern-app-reliability-JEFFMURITHI\\client\\src\\tests\\integration\\apiHandlers.js","statementMap":{"0":{"start":{"line":3,"column":24},"end":{"line":7,"column":1}},"1":{"start":{"line":5,"column":4},"end":{"line":5,"column":75}}},"fnMap":{"0":{"name":"(anonymous_0)","decl":{"start":{"line":4,"column":25},"end":{"line":4,"column":26}},"loc":{"start":{"line":4,"column":44},"end":{"line":6,"column":3}},"line":4}},"branchMap":{},"s":{"0":0,"1":0},"f":{"0":0},"b":{}}
,"C:\\Users\\ADMIN\\Documents\\mern-bug-tracker\\testing-and-debugging-ensuring-mern-app-reliability-JEFFMURITHI\\client\\src\\utils\\formatDate.js": {"path":"C:\\Users\\ADMIN\\Documents\\mern-bug-tracker\\testing-and-debugging-ensuring-mern-app-reliability-JEFFMURITHI\\client\\src\\utils\\formatDate.js","statementMap":{"0":{"start":{"line":3,"column":2},"end":{"line":3,"column":28}},"1":{"start":{"line":3,"column":18},"end":{"line":3,"column":28}},"2":{"start":{"line":4,"column":12},"end":{"line":4,"column":31}},"3":{"start":{"line":5,"column":2},"end":{"line":5,"column":43}},"4":{"start":{"line":5,"column":33},"end":{"line":5,"column":43}},"5":{"start":{"line":6,"column":2},"end":{"line":6,"column":39}},"6":{"start":{"line":9,"column":0},"end":{"line":9,"column":28}}},"fnMap":{"0":{"name":"formatDate","decl":{"start":{"line":2,"column":9},"end":{"line":2,"column":19}},"loc":{"start":{"line":2,"column":31},"end":{"line":7,"column":1}},"line":2}},"branchMap":{"0":{"loc":{"start":{"line":3,"column":2},"end":{"line":3,"column":28}},"type":"if","locations":[{"start":{"line":3,"column":2},"end":{"line":3,"column":28}},{"start":{},"end":{}}],"line":3},"1":{"loc":{"start":{"line":5,"column":2},"end":{"line":5,"column":43}},"type":"if","locations":[{"start":{"line":5,"column":2},"end":{"line":5,"column":43}},{"start":{},"end":{}}],"line":5}},"s":{"0":3,"1":1,"2":2,"3":2,"4":1,"5":1,"6":1},"f":{"0":3},"b":{"0":[1,2],"1":[1,1]},"_coverageSchema":"1a1c01bbd47fc00a2c39e90264f33305004495a9","hash":"e5b4ecdff9b748d675113d8ad8b197a4e945b3a4"}
}
