TN:
SF:src\App.jsx
FN:3,App
FNF:1
FNH:1
FNDA:1,App
DA:4,1
LF:1
LH:1
BRF:0
BRH:0
end_of_record
TN:
SF:src\components\Button.jsx
FN:3,Button
FNF:1
FNH:1
FNDA:6,Button
DA:1,1
DA:4,6
DA:18,1
LF:3
LH:3
BRDA:3,0,0,5
BRDA:11,1,0,6
BRDA:11,1,1,5
BRF:3
BRH:3
end_of_record
TN:
SF:src\components\ui\button.jsx
FN:39,Button
FNF:1
FNH:1
FNDA:2,Button
DA:7,2
DA:46,2
DA:48,2
LF:3
LH:3
BRDA:43,0,0,2
BRDA:46,1,0,0
BRDA:46,1,1,2
BRF:3
BRH:2
end_of_record
TN:
SF:src\components\ui\card.jsx
FN:5,Card
FN:20,CardHeader
FN:35,CardTitle
FN:47,CardDescription
FN:59,CardAction
FN:74,CardContent
FN:81,CardFooter
FNF:7
FNH:0
FNDA:0,Card
FNDA:0,CardHeader
FNDA:0,CardTitle
FNDA:0,CardDescription
FNDA:0,CardAction
FNDA:0,CardContent
FNDA:0,CardFooter
DA:9,0
DA:24,0
DA:39,0
DA:51,0
DA:63,0
DA:78,0
DA:85,0
LF:7
LH:0
BRF:0
BRH:0
end_of_record
TN:
SF:src\components\ui\input.jsx
FN:5,Input
FNF:1
FNH:0
FNDA:0,Input
DA:10,0
LF:1
LH:0
BRF:0
BRH:0
end_of_record
TN:
SF:src\hooks\useCounter.js
FN:3,useCounter
FN:5,(anonymous_1)
FN:5,(anonymous_2)
FN:6,(anonymous_3)
FN:6,(anonymous_4)
FN:7,(anonymous_5)
FNF:6
FNH:6
FNDA:4,useCounter
FNDA:1,(anonymous_1)
FNDA:1,(anonymous_2)
FNDA:1,(anonymous_3)
FNDA:1,(anonymous_4)
FNDA:1,(anonymous_5)
DA:1,1
DA:4,4
DA:5,4
DA:6,4
DA:7,4
DA:8,4
DA:11,1
LF:7
LH:7
BRDA:3,0,0,0
BRF:1
BRH:0
end_of_record
TN:
SF:src\lib\utils.js
FN:4,cn
FNF:1
FNH:1
FNDA:2,cn
DA:5,2
LF:1
LH:1
BRF:0
BRH:0
end_of_record
TN:
SF:src\store\counterReducer.js
FN:5,counterReducer
FNF:1
FNH:1
FNDA:3,counterReducer
DA:2,1
DA:3,1
DA:6,3
DA:7,1
DA:8,1
DA:9,1
DA:13,1
LF:7
LH:7
BRDA:5,0,0,0
BRDA:6,1,0,1
BRDA:6,1,1,1
BRDA:6,1,2,1
BRF:4
BRH:3
end_of_record
TN:
SF:src\tests\integration\apiHandlers.js
FN:4,(anonymous_0)
FNF:1
FNH:0
FNDA:0,(anonymous_0)
DA:3,0
DA:5,0
LF:2
LH:0
BRF:0
BRH:0
end_of_record
TN:
SF:src\utils\formatDate.js
FN:2,formatDate
FNF:1
FNH:1
FNDA:3,formatDate
DA:3,3
DA:4,2
DA:5,2
DA:6,1
DA:9,1
LF:5
LH:5
BRDA:3,0,0,1
BRDA:3,0,1,2
BRDA:5,1,0,1
BRDA:5,1,1,1
BRF:4
BRH:4
end_of_record
